<?xml version="1.0" encoding="UTF-8"?>
<testsuite name="CalculatorTest" tests="4" skipped="0" failures="0" errors="0" timestamp="2021-02-16T17:47:46" hostname="DESKTOP-2M0SK69" time="0.002">
  <properties/>
  <testcase name="divide" classname="CalculatorTest" time="0.001"/>
  <testcase name="square" classname="CalculatorTest" time="0.001"/>
  <testcase name="add" classname="CalculatorTest" time="0.0"/>
  <testcase name="multiple" classname="CalculatorTest" time="0.0"/>
  <system-out><![CDATA[]]></system-out>
  <system-err><![CDATA[]]></system-err>
</testsuite>
